#
# A fatal error has been detected by the Java Runtime Environment:
#
#  Internal Error (./open/src/hotspot/share/interpreter/oopMapCache.cpp:111), pid=10920, tid=3804
#  Error: ShouldNotReachHere()
#
# JRE version: Java(TM) SE Runtime Environment (14.0.2+12) (build 14.0.2+12-46)
# Java VM: Java HotSpot(TM) 64-Bit Server VM (14.0.2+12-46, mixed mode, sharing, tiered, compressed oops, g1 gc, windows-amd64)
# No core dump will be written. Minidumps are not enabled by default on client versions of Windows
#
# If you would like to submit a bug report, please visit:
#   https://bugreport.java.com/bugreport/crash.jsp
#

---------------  S U M M A R Y ------------

Command Line: -agentlib:jdwp=transport=dt_socket,suspend=y,address=localhost:53215 -javaagent:C:\Users\terfo\eclipse\jee-2020-06\eclipse\configuration\org.eclipse.osgi\413\0\.cp\lib\javaagent-shaded.jar -Dfile.encoding=Cp1252 qu.iz.QuizFourBib

Host: Intel(R) Core(TM) i5-8265U CPU @ 1.60GHz, 8 cores, 15G,  Windows 10 , 64 bit Build 18362 (10.0.18362.1350)
Time: Wed Mar 17 11:40:22 2021 Mitteleuropäische Zeit elapsed time: 2728 seconds (0d 0h 45m 28s)

---------------  T H R E A D  ---------------

Current thread (0x000001b3da211800):  JavaThread "JDWP Transport Listener: dt_socket" daemon [_thread_in_vm, id=3804, stack(0x0000007031900000,0x0000007031a00000)] _threads_hazard_ptr=0x000001b3da9f11a0

Stack: [0x0000007031900000,0x0000007031a00000]
Native frames: (J=compiled Java code, j=interpreted, Vv=VM code, C=native code)
V  [jvm.dll+0x5f8a9a]
V  [jvm.dll+0x74247a]
V  [jvm.dll+0x743c2f]
V  [jvm.dll+0x744227]
V  [jvm.dll+0x20d20c]
V  [jvm.dll+0x20d173]
V  [jvm.dll+0x5e7b7f]
V  [jvm.dll+0x5e78dd]
V  [jvm.dll+0x5af8e3]
V  [jvm.dll+0x739aef]
V  [jvm.dll+0x4bee61]
V  [jvm.dll+0x74908b]
V  [jvm.dll+0x4a54ee]
V  [jvm.dll+0x46ee7b]
C  [jdwp.dll+0x751f]


---------------  P R O C E S S  ---------------

Threads class SMR info:
_java_thread_list=0x000001b3da9f11a0, length=19, elements={
0x000001b3d96c3000, 0x000001b3d96c4000, 0x000001b3d9f60800, 0x000001b3d9f63800,
0x000001b3d9f68000, 0x000001b3d9f74000, 0x000001b3d9f78800, 0x000001b3d9f79800,
0x000001b3d9f51000, 0x000001b3da211800, 0x000001b3da223000, 0x000001b3da226000,
0x000001b3da275800, 0x000001b3da78a800, 0x000001b3da7d6800, 0x000001b3da7e1000,
0x000001b3da92f800, 0x000001b3b59a2000, 0x000001b3daac3000
}

Java Threads: ( => current thread )
  0x000001b3d96c3000 JavaThread "Reference Handler" daemon [_thread_blocked, id=14888, stack(0x0000007030f00000,0x0000007031000000)]
  0x000001b3d96c4000 JavaThread "Finalizer" daemon [_thread_blocked, id=4404, stack(0x0000007031000000,0x0000007031100000)]
  0x000001b3d9f60800 JavaThread "Signal Dispatcher" daemon [_thread_blocked, id=3200, stack(0x0000007031100000,0x0000007031200000)]
  0x000001b3d9f63800 JavaThread "Attach Listener" daemon [_thread_blocked, id=9404, stack(0x0000007031200000,0x0000007031300000)]
  0x000001b3d9f68000 JavaThread "Service Thread" daemon [_thread_blocked, id=2756, stack(0x0000007031300000,0x0000007031400000)]
  0x000001b3d9f74000 JavaThread "C2 CompilerThread0" daemon [_thread_blocked, id=6636, stack(0x0000007031400000,0x0000007031500000)]
  0x000001b3d9f78800 JavaThread "C1 CompilerThread0" daemon [_thread_blocked, id=10676, stack(0x0000007031500000,0x0000007031600000)]
  0x000001b3d9f79800 JavaThread "Sweeper thread" daemon [_thread_blocked, id=3100, stack(0x0000007031600000,0x0000007031700000)]
  0x000001b3d9f51000 JavaThread "Common-Cleaner" daemon [_thread_blocked, id=15000, stack(0x0000007031700000,0x0000007031800000)]
=>0x000001b3da211800 JavaThread "JDWP Transport Listener: dt_socket" daemon [_thread_in_vm, id=3804, stack(0x0000007031900000,0x0000007031a00000)] _threads_hazard_ptr=0x000001b3da9f11a0
  0x000001b3da223000 JavaThread "JDWP Event Helper Thread" daemon [_thread_blocked, id=10536, stack(0x0000007031a00000,0x0000007031b00000)]
  0x000001b3da226000 JavaThread "JDWP Command Reader" daemon [_thread_in_native, id=14656, stack(0x0000007031b00000,0x0000007031c00000)]
  0x000001b3da275800 JavaThread "Notification Thread" daemon [_thread_blocked, id=10472, stack(0x0000007031800000,0x0000007031900000)]
  0x000001b3da78a800 JavaThread "Java2D Disposer" daemon [_thread_blocked, id=8432, stack(0x0000007031d00000,0x0000007031e00000)]
  0x000001b3da7d6800 JavaThread "AWT-Shutdown" [_thread_blocked, id=6280, stack(0x0000007031e00000,0x0000007031f00000)]
  0x000001b3da7e1000 JavaThread "AWT-Windows" daemon [_thread_in_native, id=12716, stack(0x0000007031f00000,0x0000007032000000)]
  0x000001b3da92f800 JavaThread "AWT-EventQueue-0" [_thread_blocked, id=10216, stack(0x0000007032000000,0x0000007032100000)]
  0x000001b3b59a2000 JavaThread "DestroyJavaVM" [_thread_blocked, id=13640, stack(0x0000007030800000,0x0000007030900000)]
  0x000001b3daac3000 JavaThread "TimerQueue" daemon [_thread_blocked, id=11604, stack(0x0000007032400000,0x0000007032500000)]

Other Threads:
  0x000001b3d96bc000 VMThread "VM Thread" [stack: 0x0000007030e00000,0x0000007030f00000] [id=14396]
  0x000001b3da2c2800 WatcherThread [stack: 0x0000007031c00000,0x0000007031d00000] [id=6924]
  0x000001b3b5a0a800 GCTaskThread "GC Thread#0" [stack: 0x0000007030900000,0x0000007030a00000] [id=10884]
  0x000001b3b5a2b800 ConcurrentGCThread "G1 Main Marker" [stack: 0x0000007030a00000,0x0000007030b00000] [id=9816]
  0x000001b3b5a2d000 ConcurrentGCThread "G1 Conc#0" [stack: 0x0000007030b00000,0x0000007030c00000] [id=11912]
  0x000001b3b5a6e800 ConcurrentGCThread "G1 Refine#0" [stack: 0x0000007030c00000,0x0000007030d00000] [id=10256]
  0x000001b3d95ab000 ConcurrentGCThread "G1 Young RemSet Sampling" [stack: 0x0000007030d00000,0x0000007030e00000] [id=272]

Threads with active compile tasks:

VM state:not at safepoint (normal execution)

VM Mutex/Monitor currently owned by a thread: None

Heap address: 0x0000000702000000, size: 4064 MB, Compressed Oops mode: Zero based, Oop shift amount: 3
Narrow klass base: 0x0000000800000000, Narrow klass shift: 3
Compressed class space size: 1073741824 Address: 0x0000000800b30000

Heap:
 garbage-first heap   total 260096K, used 13312K [0x0000000702000000, 0x0000000800000000)
  region size 1024K, 15 young (15360K), 0 survivors (0K)
 Metaspace       used 10665K, capacity 10913K, committed 11136K, reserved 1058816K
  class space    used 1213K, capacity 1326K, committed 1408K, reserved 1048576K
Heap Regions: E=young(eden), S=young(survivor), O=old, HS=humongous(starts), HC=humongous(continues), CS=collection set, F=free, OA=open archive, CA=closed archive, TAMS=top-at-mark-start (previous, next)
|   0|0x0000000702000000, 0x0000000702000000, 0x0000000702100000|  0%| F|  |TAMS 0x0000000702000000, 0x0000000702000000| Untracked 
|   1|0x0000000702100000, 0x0000000702100000, 0x0000000702200000|  0%| F|  |TAMS 0x0000000702100000, 0x0000000702100000| Untracked 
|   2|0x0000000702200000, 0x0000000702200000, 0x0000000702300000|  0%| F|  |TAMS 0x0000000702200000, 0x0000000702200000| Untracked 
|   3|0x0000000702300000, 0x0000000702300000, 0x0000000702400000|  0%| F|  |TAMS 0x0000000702300000, 0x0000000702300000| Untracked 
|   4|0x0000000702400000, 0x0000000702400000, 0x0000000702500000|  0%| F|  |TAMS 0x0000000702400000, 0x0000000702400000| Untracked 
|   5|0x0000000702500000, 0x0000000702500000, 0x0000000702600000|  0%| F|  |TAMS 0x0000000702500000, 0x0000000702500000| Untracked 
|   6|0x0000000702600000, 0x0000000702600000, 0x0000000702700000|  0%| F|  |TAMS 0x0000000702600000, 0x0000000702600000| Untracked 
|   7|0x0000000702700000, 0x0000000702700000, 0x0000000702800000|  0%| F|  |TAMS 0x0000000702700000, 0x0000000702700000| Untracked 
|   8|0x0000000702800000, 0x0000000702800000, 0x0000000702900000|  0%| F|  |TAMS 0x0000000702800000, 0x0000000702800000| Untracked 
|   9|0x0000000702900000, 0x0000000702900000, 0x0000000702a00000|  0%| F|  |TAMS 0x0000000702900000, 0x0000000702900000| Untracked 
|  10|0x0000000702a00000, 0x0000000702a00000, 0x0000000702b00000|  0%| F|  |TAMS 0x0000000702a00000, 0x0000000702a00000| Untracked 
|  11|0x0000000702b00000, 0x0000000702b00000, 0x0000000702c00000|  0%| F|  |TAMS 0x0000000702b00000, 0x0000000702b00000| Untracked 
|  12|0x0000000702c00000, 0x0000000702c00000, 0x0000000702d00000|  0%| F|  |TAMS 0x0000000702c00000, 0x0000000702c00000| Untracked 
|  13|0x0000000702d00000, 0x0000000702d00000, 0x0000000702e00000|  0%| F|  |TAMS 0x0000000702d00000, 0x0000000702d00000| Untracked 
|  14|0x0000000702e00000, 0x0000000702e00000, 0x0000000702f00000|  0%| F|  |TAMS 0x0000000702e00000, 0x0000000702e00000| Untracked 
|  15|0x0000000702f00000, 0x0000000702f00000, 0x0000000703000000|  0%| F|  |TAMS 0x0000000702f00000, 0x0000000702f00000| Untracked 
|  16|0x0000000703000000, 0x0000000703000000, 0x0000000703100000|  0%| F|  |TAMS 0x0000000703000000, 0x0000000703000000| Untracked 
|  17|0x0000000703100000, 0x0000000703100000, 0x0000000703200000|  0%| F|  |TAMS 0x0000000703100000, 0x0000000703100000| Untracked 
|  18|0x0000000703200000, 0x0000000703200000, 0x0000000703300000|  0%| F|  |TAMS 0x0000000703200000, 0x0000000703200000| Untracked 
|  19|0x0000000703300000, 0x0000000703300000, 0x0000000703400000|  0%| F|  |TAMS 0x0000000703300000, 0x0000000703300000| Untracked 
|  20|0x0000000703400000, 0x0000000703400000, 0x0000000703500000|  0%| F|  |TAMS 0x0000000703400000, 0x0000000703400000| Untracked 
|  21|0x0000000703500000, 0x0000000703500000, 0x0000000703600000|  0%| F|  |TAMS 0x0000000703500000, 0x0000000703500000| Untracked 
|  22|0x0000000703600000, 0x0000000703600000, 0x0000000703700000|  0%| F|  |TAMS 0x0000000703600000, 0x0000000703600000| Untracked 
|  23|0x0000000703700000, 0x0000000703700000, 0x0000000703800000|  0%| F|  |TAMS 0x0000000703700000, 0x0000000703700000| Untracked 
|  24|0x0000000703800000, 0x0000000703800000, 0x0000000703900000|  0%| F|  |TAMS 0x0000000703800000, 0x0000000703800000| Untracked 
|  25|0x0000000703900000, 0x0000000703900000, 0x0000000703a00000|  0%| F|  |TAMS 0x0000000703900000, 0x0000000703900000| Untracked 
|  26|0x0000000703a00000, 0x0000000703a00000, 0x0000000703b00000|  0%| F|  |TAMS 0x0000000703a00000, 0x0000000703a00000| Untracked 
|  27|0x0000000703b00000, 0x0000000703b00000, 0x0000000703c00000|  0%| F|  |TAMS 0x0000000703b00000, 0x0000000703b00000| Untracked 
|  28|0x0000000703c00000, 0x0000000703c00000, 0x0000000703d00000|  0%| F|  |TAMS 0x0000000703c00000, 0x0000000703c00000| Untracked 
|  29|0x0000000703d00000, 0x0000000703d00000, 0x0000000703e00000|  0%| F|  |TAMS 0x0000000703d00000, 0x0000000703d00000| Untracked 
|  30|0x0000000703e00000, 0x0000000703e00000, 0x0000000703f00000|  0%| F|  |TAMS 0x0000000703e00000, 0x0000000703e00000| Untracked 
|  31|0x0000000703f00000, 0x0000000703f00000, 0x0000000704000000|  0%| F|  |TAMS 0x0000000703f00000, 0x0000000703f00000| Untracked 
|  32|0x0000000704000000, 0x0000000704000000, 0x0000000704100000|  0%| F|  |TAMS 0x0000000704000000, 0x0000000704000000| Untracked 
|  33|0x0000000704100000, 0x0000000704100000, 0x0000000704200000|  0%| F|  |TAMS 0x0000000704100000, 0x0000000704100000| Untracked 
|  34|0x0000000704200000, 0x0000000704200000, 0x0000000704300000|  0%| F|  |TAMS 0x0000000704200000, 0x0000000704200000| Untracked 
|  35|0x0000000704300000, 0x0000000704300000, 0x0000000704400000|  0%| F|  |TAMS 0x0000000704300000, 0x0000000704300000| Untracked 
|  36|0x0000000704400000, 0x0000000704400000, 0x0000000704500000|  0%| F|  |TAMS 0x0000000704400000, 0x0000000704400000| Untracked 
|  37|0x0000000704500000, 0x0000000704500000, 0x0000000704600000|  0%| F|  |TAMS 0x0000000704500000, 0x0000000704500000| Untracked 
|  38|0x0000000704600000, 0x0000000704600000, 0x0000000704700000|  0%| F|  |TAMS 0x0000000704600000, 0x0000000704600000| Untracked 
|  39|0x0000000704700000, 0x0000000704700000, 0x0000000704800000|  0%| F|  |TAMS 0x0000000704700000, 0x0000000704700000| Untracked 
|  40|0x0000000704800000, 0x0000000704800000, 0x0000000704900000|  0%| F|  |TAMS 0x0000000704800000, 0x0000000704800000| Untracked 
|  41|0x0000000704900000, 0x0000000704900000, 0x0000000704a00000|  0%| F|  |TAMS 0x0000000704900000, 0x0000000704900000| Untracked 
|  42|0x0000000704a00000, 0x0000000704a00000, 0x0000000704b00000|  0%| F|  |TAMS 0x0000000704a00000, 0x0000000704a00000| Untracked 
|  43|0x0000000704b00000, 0x0000000704b00000, 0x0000000704c00000|  0%| F|  |TAMS 0x0000000704b00000, 0x0000000704b00000| Untracked 
|  44|0x0000000704c00000, 0x0000000704c00000, 0x0000000704d00000|  0%| F|  |TAMS 0x0000000704c00000, 0x0000000704c00000| Untracked 
|  45|0x0000000704d00000, 0x0000000704d00000, 0x0000000704e00000|  0%| F|  |TAMS 0x0000000704d00000, 0x0000000704d00000| Untracked 
|  46|0x0000000704e00000, 0x0000000704e00000, 0x0000000704f00000|  0%| F|  |TAMS 0x0000000704e00000, 0x0000000704e00000| Untracked 
|  47|0x0000000704f00000, 0x0000000704f00000, 0x0000000705000000|  0%| F|  |TAMS 0x0000000704f00000, 0x0000000704f00000| Untracked 
|  48|0x0000000705000000, 0x0000000705000000, 0x0000000705100000|  0%| F|  |TAMS 0x0000000705000000, 0x0000000705000000| Untracked 
|  49|0x0000000705100000, 0x0000000705100000, 0x0000000705200000|  0%| F|  |TAMS 0x0000000705100000, 0x0000000705100000| Untracked 
|  50|0x0000000705200000, 0x0000000705200000, 0x0000000705300000|  0%| F|  |TAMS 0x0000000705200000, 0x0000000705200000| Untracked 
|  51|0x0000000705300000, 0x0000000705300000, 0x0000000705400000|  0%| F|  |TAMS 0x0000000705300000, 0x0000000705300000| Untracked 
|  52|0x0000000705400000, 0x0000000705400000, 0x0000000705500000|  0%| F|  |TAMS 0x0000000705400000, 0x0000000705400000| Untracked 
|  53|0x0000000705500000, 0x0000000705500000, 0x0000000705600000|  0%| F|  |TAMS 0x0000000705500000, 0x0000000705500000| Untracked 
|  54|0x0000000705600000, 0x0000000705600000, 0x0000000705700000|  0%| F|  |TAMS 0x0000000705600000, 0x0000000705600000| Untracked 
|  55|0x0000000705700000, 0x0000000705700000, 0x0000000705800000|  0%| F|  |TAMS 0x0000000705700000, 0x0000000705700000| Untracked 
|  56|0x0000000705800000, 0x0000000705800000, 0x0000000705900000|  0%| F|  |TAMS 0x0000000705800000, 0x0000000705800000| Untracked 
|  57|0x0000000705900000, 0x0000000705900000, 0x0000000705a00000|  0%| F|  |TAMS 0x0000000705900000, 0x0000000705900000| Untracked 
|  58|0x0000000705a00000, 0x0000000705a00000, 0x0000000705b00000|  0%| F|  |TAMS 0x0000000705a00000, 0x0000000705a00000| Untracked 
|  59|0x0000000705b00000, 0x0000000705b00000, 0x0000000705c00000|  0%| F|  |TAMS 0x0000000705b00000, 0x0000000705b00000| Untracked 
|  60|0x0000000705c00000, 0x0000000705c00000, 0x0000000705d00000|  0%| F|  |TAMS 0x0000000705c00000, 0x0000000705c00000| Untracked 
|  61|0x0000000705d00000, 0x0000000705d00000, 0x0000000705e00000|  0%| F|  |TAMS 0x0000000705d00000, 0x0000000705d00000| Untracked 
|  62|0x0000000705e00000, 0x0000000705e00000, 0x0000000705f00000|  0%| F|  |TAMS 0x0000000705e00000, 0x0000000705e00000| Untracked 
|  63|0x0000000705f00000, 0x0000000705f00000, 0x0000000706000000|  0%| F|  |TAMS 0x0000000705f00000, 0x0000000705f00000| Untracked 
|  64|0x0000000706000000, 0x0000000706000000, 0x0000000706100000|  0%| F|  |TAMS 0x0000000706000000, 0x0000000706000000| Untracked 
|  65|0x0000000706100000, 0x0000000706100000, 0x0000000706200000|  0%| F|  |TAMS 0x0000000706100000, 0x0000000706100000| Untracked 
|  66|0x0000000706200000, 0x0000000706200000, 0x0000000706300000|  0%| F|  |TAMS 0x0000000706200000, 0x0000000706200000| Untracked 
|  67|0x0000000706300000, 0x0000000706300000, 0x0000000706400000|  0%| F|  |TAMS 0x0000000706300000, 0x0000000706300000| Untracked 
|  68|0x0000000706400000, 0x0000000706400000, 0x0000000706500000|  0%| F|  |TAMS 0x0000000706400000, 0x0000000706400000| Untracked 
|  69|0x0000000706500000, 0x0000000706500000, 0x0000000706600000|  0%| F|  |TAMS 0x0000000706500000, 0x0000000706500000| Untracked 
|  70|0x0000000706600000, 0x0000000706600000, 0x0000000706700000|  0%| F|  |TAMS 0x0000000706600000, 0x0000000706600000| Untracked 
|  71|0x0000000706700000, 0x0000000706700000, 0x0000000706800000|  0%| F|  |TAMS 0x0000000706700000, 0x0000000706700000| Untracked 
|  72|0x0000000706800000, 0x0000000706800000, 0x0000000706900000|  0%| F|  |TAMS 0x0000000706800000, 0x0000000706800000| Untracked 
|  73|0x0000000706900000, 0x0000000706900000, 0x0000000706a00000|  0%| F|  |TAMS 0x0000000706900000, 0x0000000706900000| Untracked 
|  74|0x0000000706a00000, 0x0000000706a00000, 0x0000000706b00000|  0%| F|  |TAMS 0x0000000706a00000, 0x0000000706a00000| Untracked 
|  75|0x0000000706b00000, 0x0000000706b00000, 0x0000000706c00000|  0%| F|  |TAMS 0x0000000706b00000, 0x0000000706b00000| Untracked 
|  76|0x0000000706c00000, 0x0000000706c00000, 0x0000000706d00000|  0%| F|  |TAMS 0x0000000706c00000, 0x0000000706c00000| Untracked 
|  77|0x0000000706d00000, 0x0000000706d00000, 0x0000000706e00000|  0%| F|  |TAMS 0x0000000706d00000, 0x0000000706d00000| Untracked 
|  78|0x0000000706e00000, 0x0000000706e00000, 0x0000000706f00000|  0%| F|  |TAMS 0x0000000706e00000, 0x0000000706e00000| Untracked 
|  79|0x0000000706f00000, 0x0000000706f00000, 0x0000000707000000|  0%| F|  |TAMS 0x0000000706f00000, 0x0000000706f00000| Untracked 
|  80|0x0000000707000000, 0x0000000707000000, 0x0000000707100000|  0%| F|  |TAMS 0x0000000707000000, 0x0000000707000000| Untracked 
|  81|0x0000000707100000, 0x0000000707100000, 0x0000000707200000|  0%| F|  |TAMS 0x0000000707100000, 0x0000000707100000| Untracked 
|  82|0x0000000707200000, 0x0000000707200000, 0x0000000707300000|  0%| F|  |TAMS 0x0000000707200000, 0x0000000707200000| Untracked 
|  83|0x0000000707300000, 0x0000000707300000, 0x0000000707400000|  0%| F|  |TAMS 0x0000000707300000, 0x0000000707300000| Untracked 
|  84|0x0000000707400000, 0x0000000707400000, 0x0000000707500000|  0%| F|  |TAMS 0x0000000707400000, 0x0000000707400000| Untracked 
|  85|0x0000000707500000, 0x0000000707500000, 0x0000000707600000|  0%| F|  |TAMS 0x0000000707500000, 0x0000000707500000| Untracked 
|  86|0x0000000707600000, 0x0000000707600000, 0x0000000707700000|  0%| F|  |TAMS 0x0000000707600000, 0x0000000707600000| Untracked 
|  87|0x0000000707700000, 0x0000000707700000, 0x0000000707800000|  0%| F|  |TAMS 0x0000000707700000, 0x0000000707700000| Untracked 
|  88|0x0000000707800000, 0x0000000707800000, 0x0000000707900000|  0%| F|  |TAMS 0x0000000707800000, 0x0000000707800000| Untracked 
|  89|0x0000000707900000, 0x0000000707900000, 0x0000000707a00000|  0%| F|  |TAMS 0x0000000707900000, 0x0000000707900000| Untracked 
|  90|0x0000000707a00000, 0x0000000707a00000, 0x0000000707b00000|  0%| F|  |TAMS 0x0000000707a00000, 0x0000000707a00000| Untracked 
|  91|0x0000000707b00000, 0x0000000707b00000, 0x0000000707c00000|  0%| F|  |TAMS 0x0000000707b00000, 0x0000000707b00000| Untracked 
|  92|0x0000000707c00000, 0x0000000707c00000, 0x0000000707d00000|  0%| F|  |TAMS 0x0000000707c00000, 0x0000000707c00000| Untracked 
|  93|0x0000000707d00000, 0x0000000707d00000, 0x0000000707e00000|  0%| F|  |TAMS 0x0000000707d00000, 0x0000000707d00000| Untracked 
|  94|0x0000000707e00000, 0x0000000707e00000, 0x0000000707f00000|  0%| F|  |TAMS 0x0000000707e00000, 0x0000000707e00000| Untracked 
|  95|0x0000000707f00000, 0x0000000707f00000, 0x0000000708000000|  0%| F|  |TAMS 0x0000000707f00000, 0x0000000707f00000| Untracked 
|  96|0x0000000708000000, 0x0000000708000000, 0x0000000708100000|  0%| F|  |TAMS 0x0000000708000000, 0x0000000708000000| Untracked 
|  97|0x0000000708100000, 0x0000000708100000, 0x0000000708200000|  0%| F|  |TAMS 0x0000000708100000, 0x0000000708100000| Untracked 
|  98|0x0000000708200000, 0x0000000708200000, 0x0000000708300000|  0%| F|  |TAMS 0x0000000708200000, 0x0000000708200000| Untracked 
|  99|0x0000000708300000, 0x0000000708300000, 0x0000000708400000|  0%| F|  |TAMS 0x0000000708300000, 0x0000000708300000| Untracked 
| 100|0x0000000708400000, 0x0000000708400000, 0x0000000708500000|  0%| F|  |TAMS 0x0000000708400000, 0x0000000708400000| Untracked 
| 101|0x0000000708500000, 0x0000000708500000, 0x0000000708600000|  0%| F|  |TAMS 0x0000000708500000, 0x0000000708500000| Untracked 
| 102|0x0000000708600000, 0x0000000708600000, 0x0000000708700000|  0%| F|  |TAMS 0x0000000708600000, 0x0000000708600000| Untracked 
| 103|0x0000000708700000, 0x0000000708700000, 0x0000000708800000|  0%| F|  |TAMS 0x0000000708700000, 0x0000000708700000| Untracked 
| 104|0x0000000708800000, 0x0000000708800000, 0x0000000708900000|  0%| F|  |TAMS 0x0000000708800000, 0x0000000708800000| Untracked 
| 105|0x0000000708900000, 0x0000000708900000, 0x0000000708a00000|  0%| F|  |TAMS 0x0000000708900000, 0x0000000708900000| Untracked 
| 106|0x0000000708a00000, 0x0000000708a00000, 0x0000000708b00000|  0%| F|  |TAMS 0x0000000708a00000, 0x0000000708a00000| Untracked 
| 107|0x0000000708b00000, 0x0000000708b00000, 0x0000000708c00000|  0%| F|  |TAMS 0x0000000708b00000, 0x0000000708b00000| Untracked 
| 108|0x0000000708c00000, 0x0000000708c00000, 0x0000000708d00000|  0%| F|  |TAMS 0x0000000708c00000, 0x0000000708c00000| Untracked 
| 109|0x0000000708d00000, 0x0000000708d00000, 0x0000000708e00000|  0%| F|  |TAMS 0x0000000708d00000, 0x0000000708d00000| Untracked 
| 110|0x0000000708e00000, 0x0000000708e00000, 0x0000000708f00000|  0%| F|  |TAMS 0x0000000708e00000, 0x0000000708e00000| Untracked 
| 111|0x0000000708f00000, 0x0000000708f00000, 0x0000000709000000|  0%| F|  |TAMS 0x0000000708f00000, 0x0000000708f00000| Untracked 
| 112|0x0000000709000000, 0x0000000709000000, 0x0000000709100000|  0%| F|  |TAMS 0x0000000709000000, 0x0000000709000000| Untracked 
| 113|0x0000000709100000, 0x0000000709100000, 0x0000000709200000|  0%| F|  |TAMS 0x0000000709100000, 0x0000000709100000| Untracked 
| 114|0x0000000709200000, 0x0000000709200000, 0x0000000709300000|  0%| F|  |TAMS 0x0000000709200000, 0x0000000709200000| Untracked 
| 115|0x0000000709300000, 0x0000000709300000, 0x0000000709400000|  0%| F|  |TAMS 0x0000000709300000, 0x0000000709300000| Untracked 
| 116|0x0000000709400000, 0x0000000709400000, 0x0000000709500000|  0%| F|  |TAMS 0x0000000709400000, 0x0000000709400000| Untracked 
| 117|0x0000000709500000, 0x0000000709500000, 0x0000000709600000|  0%| F|  |TAMS 0x0000000709500000, 0x0000000709500000| Untracked 
| 118|0x0000000709600000, 0x0000000709600000, 0x0000000709700000|  0%| F|  |TAMS 0x0000000709600000, 0x0000000709600000| Untracked 
| 119|0x0000000709700000, 0x0000000709700000, 0x0000000709800000|  0%| F|  |TAMS 0x0000000709700000, 0x0000000709700000| Untracked 
| 120|0x0000000709800000, 0x0000000709800000, 0x0000000709900000|  0%| F|  |TAMS 0x0000000709800000, 0x0000000709800000| Untracked 
| 121|0x0000000709900000, 0x0000000709900000, 0x0000000709a00000|  0%| F|  |TAMS 0x0000000709900000, 0x0000000709900000| Untracked 
| 122|0x0000000709a00000, 0x0000000709a00000, 0x0000000709b00000|  0%| F|  |TAMS 0x0000000709a00000, 0x0000000709a00000| Untracked 
| 123|0x0000000709b00000, 0x0000000709b00000, 0x0000000709c00000|  0%| F|  |TAMS 0x0000000709b00000, 0x0000000709b00000| Untracked 
| 124|0x0000000709c00000, 0x0000000709c00000, 0x0000000709d00000|  0%| F|  |TAMS 0x0000000709c00000, 0x0000000709c00000| Untracked 
| 125|0x0000000709d00000, 0x0000000709d00000, 0x0000000709e00000|  0%| F|  |TAMS 0x0000000709d00000, 0x0000000709d00000| Untracked 
| 126|0x0000000709e00000, 0x0000000709e00000, 0x0000000709f00000|  0%| F|  |TAMS 0x0000000709e00000, 0x0000000709e00000| Untracked 
| 127|0x0000000709f00000, 0x0000000709f00000, 0x000000070a000000|  0%| F|  |TAMS 0x0000000709f00000, 0x0000000709f00000| Untracked 
| 128|0x000000070a000000, 0x000000070a000000, 0x000000070a100000|  0%| F|  |TAMS 0x000000070a000000, 0x000000070a000000| Untracked 
| 129|0x000000070a100000, 0x000000070a100000, 0x000000070a200000|  0%| F|  |TAMS 0x000000070a100000, 0x000000070a100000| Untracked 
| 130|0x000000070a200000, 0x000000070a200000, 0x000000070a300000|  0%| F|  |TAMS 0x000000070a200000, 0x000000070a200000| Untracked 
| 131|0x000000070a300000, 0x000000070a300000, 0x000000070a400000|  0%| F|  |TAMS 0x000000070a300000, 0x000000070a300000| Untracked 
| 132|0x000000070a400000, 0x000000070a400000, 0x000000070a500000|  0%| F|  |TAMS 0x000000070a400000, 0x000000070a400000| Untracked 
| 133|0x000000070a500000, 0x000000070a500000, 0x000000070a600000|  0%| F|  |TAMS 0x000000070a500000, 0x000000070a500000| Untracked 
| 134|0x000000070a600000, 0x000000070a600000, 0x000000070a700000|  0%| F|  |TAMS 0x000000070a600000, 0x000000070a600000| Untracked 
| 135|0x000000070a700000, 0x000000070a700000, 0x000000070a800000|  0%| F|  |TAMS 0x000000070a700000, 0x000000070a700000| Untracked 
| 136|0x000000070a800000, 0x000000070a800000, 0x000000070a900000|  0%| F|  |TAMS 0x000000070a800000, 0x000000070a800000| Untracked 
| 137|0x000000070a900000, 0x000000070a900000, 0x000000070aa00000|  0%| F|  |TAMS 0x000000070a900000, 0x000000070a900000| Untracked 
| 138|0x000000070aa00000, 0x000000070aa00000, 0x000000070ab00000|  0%| F|  |TAMS 0x000000070aa00000, 0x000000070aa00000| Untracked 
| 139|0x000000070ab00000, 0x000000070ab00000, 0x000000070ac00000|  0%| F|  |TAMS 0x000000070ab00000, 0x000000070ab00000| Untracked 
| 140|0x000000070ac00000, 0x000000070ac00000, 0x000000070ad00000|  0%| F|  |TAMS 0x000000070ac00000, 0x000000070ac00000| Untracked 
| 141|0x000000070ad00000, 0x000000070ad00000, 0x000000070ae00000|  0%| F|  |TAMS 0x000000070ad00000, 0x000000070ad00000| Untracked 
| 142|0x000000070ae00000, 0x000000070ae00000, 0x000000070af00000|  0%| F|  |TAMS 0x000000070ae00000, 0x000000070ae00000| Untracked 
| 143|0x000000070af00000, 0x000000070af00000, 0x000000070b000000|  0%| F|  |TAMS 0x000000070af00000, 0x000000070af00000| Untracked 
| 144|0x000000070b000000, 0x000000070b000000, 0x000000070b100000|  0%| F|  |TAMS 0x000000070b000000, 0x000000070b000000| Untracked 
| 145|0x000000070b100000, 0x000000070b100000, 0x000000070b200000|  0%| F|  |TAMS 0x000000070b100000, 0x000000070b100000| Untracked 
| 146|0x000000070b200000, 0x000000070b200000, 0x000000070b300000|  0%| F|  |TAMS 0x000000070b200000, 0x000000070b200000| Untracked 
| 147|0x000000070b300000, 0x000000070b300000, 0x000000070b400000|  0%| F|  |TAMS 0x000000070b300000, 0x000000070b300000| Untracked 
| 148|0x000000070b400000, 0x000000070b400000, 0x000000070b500000|  0%| F|  |TAMS 0x000000070b400000, 0x000000070b400000| Untracked 
| 149|0x000000070b500000, 0x000000070b500000, 0x000000070b600000|  0%| F|  |TAMS 0x000000070b500000, 0x000000070b500000| Untracked 
| 150|0x000000070b600000, 0x000000070b600000, 0x000000070b700000|  0%| F|  |TAMS 0x000000070b600000, 0x000000070b600000| Untracked 
| 151|0x000000070b700000, 0x000000070b700000, 0x000000070b800000|  0%| F|  |TAMS 0x000000070b700000, 0x000000070b700000| Untracked 
| 152|0x000000070b800000, 0x000000070b800000, 0x000000070b900000|  0%| F|  |TAMS 0x000000070b800000, 0x000000070b800000| Untracked 
| 153|0x000000070b900000, 0x000000070b900000, 0x000000070ba00000|  0%| F|  |TAMS 0x000000070b900000, 0x000000070b900000| Untracked 
| 154|0x000000070ba00000, 0x000000070ba00000, 0x000000070bb00000|  0%| F|  |TAMS 0x000000070ba00000, 0x000000070ba00000| Untracked 
| 155|0x000000070bb00000, 0x000000070bb00000, 0x000000070bc00000|  0%| F|  |TAMS 0x000000070bb00000, 0x000000070bb00000| Untracked 
| 156|0x000000070bc00000, 0x000000070bc00000, 0x000000070bd00000|  0%| F|  |TAMS 0x000000070bc00000, 0x000000070bc00000| Untracked 
| 157|0x000000070bd00000, 0x000000070bd00000, 0x000000070be00000|  0%| F|  |TAMS 0x000000070bd00000, 0x000000070bd00000| Untracked 
| 158|0x000000070be00000, 0x000000070be00000, 0x000000070bf00000|  0%| F|  |TAMS 0x000000070be00000, 0x000000070be00000| Untracked 
| 159|0x000000070bf00000, 0x000000070bf00000, 0x000000070c000000|  0%| F|  |TAMS 0x000000070bf00000, 0x000000070bf00000| Untracked 
| 160|0x000000070c000000, 0x000000070c000000, 0x000000070c100000|  0%| F|  |TAMS 0x000000070c000000, 0x000000070c000000| Untracked 
| 161|0x000000070c100000, 0x000000070c100000, 0x000000070c200000|  0%| F|  |TAMS 0x000000070c100000, 0x000000070c100000| Untracked 
| 162|0x000000070c200000, 0x000000070c200000, 0x000000070c300000|  0%| F|  |TAMS 0x000000070c200000, 0x000000070c200000| Untracked 
| 163|0x000000070c300000, 0x000000070c300000, 0x000000070c400000|  0%| F|  |TAMS 0x000000070c300000, 0x000000070c300000| Untracked 
| 164|0x000000070c400000, 0x000000070c400000, 0x000000070c500000|  0%| F|  |TAMS 0x000000070c400000, 0x000000070c400000| Untracked 
| 165|0x000000070c500000, 0x000000070c500000, 0x000000070c600000|  0%| F|  |TAMS 0x000000070c500000, 0x000000070c500000| Untracked 
| 166|0x000000070c600000, 0x000000070c600000, 0x000000070c700000|  0%| F|  |TAMS 0x000000070c600000, 0x000000070c600000| Untracked 
| 167|0x000000070c700000, 0x000000070c700000, 0x000000070c800000|  0%| F|  |TAMS 0x000000070c700000, 0x000000070c700000| Untracked 
| 168|0x000000070c800000, 0x000000070c800000, 0x000000070c900000|  0%| F|  |TAMS 0x000000070c800000, 0x000000070c800000| Untracked 
| 169|0x000000070c900000, 0x000000070c900000, 0x000000070ca00000|  0%| F|  |TAMS 0x000000070c900000, 0x000000070c900000| Untracked 
| 170|0x000000070ca00000, 0x000000070ca00000, 0x000000070cb00000|  0%| F|  |TAMS 0x000000070ca00000, 0x000000070ca00000| Untracked 
| 171|0x000000070cb00000, 0x000000070cb00000, 0x000000070cc00000|  0%| F|  |TAMS 0x000000070cb00000, 0x000000070cb00000| Untracked 
| 172|0x000000070cc00000, 0x000000070cc00000, 0x000000070cd00000|  0%| F|  |TAMS 0x000000070cc00000, 0x000000070cc00000| Untracked 
| 173|0x000000070cd00000, 0x000000070cd00000, 0x000000070ce00000|  0%| F|  |TAMS 0x000000070cd00000, 0x000000070cd00000| Untracked 
| 174|0x000000070ce00000, 0x000000070ce00000, 0x000000070cf00000|  0%| F|  |TAMS 0x000000070ce00000, 0x000000070ce00000| Untracked 
| 175|0x000000070cf00000, 0x000000070cf00000, 0x000000070d000000|  0%| F|  |TAMS 0x000000070cf00000, 0x000000070cf00000| Untracked 
| 176|0x000000070d000000, 0x000000070d000000, 0x000000070d100000|  0%| F|  |TAMS 0x000000070d000000, 0x000000070d000000| Untracked 
| 177|0x000000070d100000, 0x000000070d100000, 0x000000070d200000|  0%| F|  |TAMS 0x000000070d100000, 0x000000070d100000| Untracked 
| 178|0x000000070d200000, 0x000000070d200000, 0x000000070d300000|  0%| F|  |TAMS 0x000000070d200000, 0x000000070d200000| Untracked 
| 179|0x000000070d300000, 0x000000070d300000, 0x000000070d400000|  0%| F|  |TAMS 0x000000070d300000, 0x000000070d300000| Untracked 
| 180|0x000000070d400000, 0x000000070d400000, 0x000000070d500000|  0%| F|  |TAMS 0x000000070d400000, 0x000000070d400000| Untracked 
| 181|0x000000070d500000, 0x000000070d500000, 0x000000070d600000|  0%| F|  |TAMS 0x000000070d500000, 0x000000070d500000| Untracked 
| 182|0x000000070d600000, 0x000000070d600000, 0x000000070d700000|  0%| F|  |TAMS 0x000000070d600000, 0x000000070d600000| Untracked 
| 183|0x000000070d700000, 0x000000070d700000, 0x000000070d800000|  0%| F|  |TAMS 0x000000070d700000, 0x000000070d700000| Untracked 
| 184|0x000000070d800000, 0x000000070d800000, 0x000000070d900000|  0%| F|  |TAMS 0x000000070d800000, 0x000000070d800000| Untracked 
| 185|0x000000070d900000, 0x000000070d900000, 0x000000070da00000|  0%| F|  |TAMS 0x000000070d900000, 0x000000070d900000| Untracked 
| 186|0x000000070da00000, 0x000000070da00000, 0x000000070db00000|  0%| F|  |TAMS 0x000000070da00000, 0x000000070da00000| Untracked 
| 187|0x000000070db00000, 0x000000070db00000, 0x000000070dc00000|  0%| F|  |TAMS 0x000000070db00000, 0x000000070db00000| Untracked 
| 188|0x000000070dc00000, 0x000000070dc00000, 0x000000070dd00000|  0%| F|  |TAMS 0x000000070dc00000, 0x000000070dc00000| Untracked 
| 189|0x000000070dd00000, 0x000000070dd00000, 0x000000070de00000|  0%| F|  |TAMS 0x000000070dd00000, 0x000000070dd00000| Untracked 
| 190|0x000000070de00000, 0x000000070de00000, 0x000000070df00000|  0%| F|  |TAMS 0x000000070de00000, 0x000000070de00000| Untracked 
| 191|0x000000070df00000, 0x000000070df00000, 0x000000070e000000|  0%| F|  |TAMS 0x000000070df00000, 0x000000070df00000| Untracked 
| 192|0x000000070e000000, 0x000000070e000000, 0x000000070e100000|  0%| F|  |TAMS 0x000000070e000000, 0x000000070e000000| Untracked 
| 193|0x000000070e100000, 0x000000070e100000, 0x000000070e200000|  0%| F|  |TAMS 0x000000070e100000, 0x000000070e100000| Untracked 
| 194|0x000000070e200000, 0x000000070e200000, 0x000000070e300000|  0%| F|  |TAMS 0x000000070e200000, 0x000000070e200000| Untracked 
| 195|0x000000070e300000, 0x000000070e300000, 0x000000070e400000|  0%| F|  |TAMS 0x000000070e300000, 0x000000070e300000| Untracked 
| 196|0x000000070e400000, 0x000000070e400000, 0x000000070e500000|  0%| F|  |TAMS 0x000000070e400000, 0x000000070e400000| Untracked 
| 197|0x000000070e500000, 0x000000070e500000, 0x000000070e600000|  0%| F|  |TAMS 0x000000070e500000, 0x000000070e500000| Untracked 
| 198|0x000000070e600000, 0x000000070e600000, 0x000000070e700000|  0%| F|  |TAMS 0x000000070e600000, 0x000000070e600000| Untracked 
| 199|0x000000070e700000, 0x000000070e700000, 0x000000070e800000|  0%| F|  |TAMS 0x000000070e700000, 0x000000070e700000| Untracked 
| 200|0x000000070e800000, 0x000000070e800000, 0x000000070e900000|  0%| F|  |TAMS 0x000000070e800000, 0x000000070e800000| Untracked 
| 201|0x000000070e900000, 0x000000070e900000, 0x000000070ea00000|  0%| F|  |TAMS 0x000000070e900000, 0x000000070e900000| Untracked 
| 202|0x000000070ea00000, 0x000000070ea00000, 0x000000070eb00000|  0%| F|  |TAMS 0x000000070ea00000, 0x000000070ea00000| Untracked 
| 203|0x000000070eb00000, 0x000000070eb00000, 0x000000070ec00000|  0%| F|  |TAMS 0x000000070eb00000, 0x000000070eb00000| Untracked 
| 204|0x000000070ec00000, 0x000000070ec00000, 0x000000070ed00000|  0%| F|  |TAMS 0x000000070ec00000, 0x000000070ec00000| Untracked 
| 205|0x000000070ed00000, 0x000000070ed00000, 0x000000070ee00000|  0%| F|  |TAMS 0x000000070ed00000, 0x000000070ed00000| Untracked 
| 206|0x000000070ee00000, 0x000000070ee00000, 0x000000070ef00000|  0%| F|  |TAMS 0x000000070ee00000, 0x000000070ee00000| Untracked 
| 207|0x000000070ef00000, 0x000000070ef00000, 0x000000070f000000|  0%| F|  |TAMS 0x000000070ef00000, 0x000000070ef00000| Untracked 
| 208|0x000000070f000000, 0x000000070f000000, 0x000000070f100000|  0%| F|  |TAMS 0x000000070f000000, 0x000000070f000000| Untracked 
| 209|0x000000070f100000, 0x000000070f100000, 0x000000070f200000|  0%| F|  |TAMS 0x000000070f100000, 0x000000070f100000| Untracked 
| 210|0x000000070f200000, 0x000000070f200000, 0x000000070f300000|  0%| F|  |TAMS 0x000000070f200000, 0x000000070f200000| Untracked 
| 211|0x000000070f300000, 0x000000070f300000, 0x000000070f400000|  0%| F|  |TAMS 0x000000070f300000, 0x000000070f300000| Untracked 
| 212|0x000000070f400000, 0x000000070f400000, 0x000000070f500000|  0%| F|  |TAMS 0x000000070f400000, 0x000000070f400000| Untracked 
| 213|0x000000070f500000, 0x000000070f500000, 0x000000070f600000|  0%| F|  |TAMS 0x000000070f500000, 0x000000070f500000| Untracked 
| 214|0x000000070f600000, 0x000000070f600000, 0x000000070f700000|  0%| F|  |TAMS 0x000000070f600000, 0x000000070f600000| Untracked 
| 215|0x000000070f700000, 0x000000070f700000, 0x000000070f800000|  0%| F|  |TAMS 0x000000070f700000, 0x000000070f700000| Untracked 
| 216|0x000000070f800000, 0x000000070f800000, 0x000000070f900000|  0%| F|  |TAMS 0x000000070f800000, 0x000000070f800000| Untracked 
| 217|0x000000070f900000, 0x000000070f900000, 0x000000070fa00000|  0%| F|  |TAMS 0x000000070f900000, 0x000000070f900000| Untracked 
| 218|0x000000070fa00000, 0x000000070fa00000, 0x000000070fb00000|  0%| F|  |TAMS 0x000000070fa00000, 0x000000070fa00000| Untracked 
| 219|0x000000070fb00000, 0x000000070fb00000, 0x000000070fc00000|  0%| F|  |TAMS 0x000000070fb00000, 0x000000070fb00000| Untracked 
| 220|0x000000070fc00000, 0x000000070fc00000, 0x000000070fd00000|  0%| F|  |TAMS 0x000000070fc00000, 0x000000070fc00000| Untracked 
| 221|0x000000070fd00000, 0x000000070fd00000, 0x000000070fe00000|  0%| F|  |TAMS 0x000000070fd00000, 0x000000070fd00000| Untracked 
| 222|0x000000070fe00000, 0x000000070fe00000, 0x000000070ff00000|  0%| F|  |TAMS 0x000000070fe00000, 0x000000070fe00000| Untracked 
| 223|0x000000070ff00000, 0x000000070ff00000, 0x0000000710000000|  0%| F|  |TAMS 0x000000070ff00000, 0x000000070ff00000| Untracked 
| 224|0x0000000710000000, 0x0000000710000000, 0x0000000710100000|  0%| F|  |TAMS 0x0000000710000000, 0x0000000710000000| Untracked 
| 225|0x0000000710100000, 0x0000000710100000, 0x0000000710200000|  0%| F|  |TAMS 0x0000000710100000, 0x0000000710100000| Untracked 
| 226|0x0000000710200000, 0x0000000710200000, 0x0000000710300000|  0%| F|  |TAMS 0x0000000710200000, 0x0000000710200000| Untracked 
| 227|0x0000000710300000, 0x0000000710300000, 0x0000000710400000|  0%| F|  |TAMS 0x0000000710300000, 0x0000000710300000| Untracked 
| 228|0x0000000710400000, 0x0000000710400000, 0x0000000710500000|  0%| F|  |TAMS 0x0000000710400000, 0x0000000710400000| Untracked 
| 229|0x0000000710500000, 0x0000000710500000, 0x0000000710600000|  0%| F|  |TAMS 0x0000000710500000, 0x0000000710500000| Untracked 
| 230|0x0000000710600000, 0x0000000710600000, 0x0000000710700000|  0%| F|  |TAMS 0x0000000710600000, 0x0000000710600000| Untracked 
| 231|0x0000000710700000, 0x0000000710700000, 0x0000000710800000|  0%| F|  |TAMS 0x0000000710700000, 0x0000000710700000| Untracked 
| 232|0x0000000710800000, 0x0000000710800000, 0x0000000710900000|  0%| F|  |TAMS 0x0000000710800000, 0x0000000710800000| Untracked 
| 233|0x0000000710900000, 0x0000000710900000, 0x0000000710a00000|  0%| F|  |TAMS 0x0000000710900000, 0x0000000710900000| Untracked 
| 234|0x0000000710a00000, 0x0000000710a00000, 0x0000000710b00000|  0%| F|  |TAMS 0x0000000710a00000, 0x0000000710a00000| Untracked 
| 235|0x0000000710b00000, 0x0000000710b00000, 0x0000000710c00000|  0%| F|  |TAMS 0x0000000710b00000, 0x0000000710b00000| Untracked 
| 236|0x0000000710c00000, 0x0000000710c00000, 0x0000000710d00000|  0%| F|  |TAMS 0x0000000710c00000, 0x0000000710c00000| Untracked 
| 237|0x0000000710d00000, 0x0000000710d00000, 0x0000000710e00000|  0%| F|  |TAMS 0x0000000710d00000, 0x0000000710d00000| Untracked 
| 238|0x0000000710e00000, 0x0000000710e00000, 0x0000000710f00000|  0%| F|  |TAMS 0x0000000710e00000, 0x0000000710e00000| Untracked 
| 239|0x0000000710f00000, 0x0000000710fec0c0, 0x0000000711000000| 92%| E|  |TAMS 0x0000000710f00000, 0x0000000710f00000| Complete 
| 240|0x0000000711000000, 0x0000000711100000, 0x0000000711100000|100%| E|CS|TAMS 0x0000000711000000, 0x0000000711000000| Complete 
| 241|0x0000000711100000, 0x0000000711200000, 0x0000000711200000|100%| E|CS|TAMS 0x0000000711100000, 0x0000000711100000| Complete 
| 242|0x0000000711200000, 0x0000000711300000, 0x0000000711300000|100%| E|CS|TAMS 0x0000000711200000, 0x0000000711200000| Complete 
| 243|0x0000000711300000, 0x0000000711400000, 0x0000000711400000|100%| E|CS|TAMS 0x0000000711300000, 0x0000000711300000| Complete 
| 244|0x0000000711400000, 0x0000000711500000, 0x0000000711500000|100%| E|CS|TAMS 0x0000000711400000, 0x0000000711400000| Complete 
| 245|0x0000000711500000, 0x0000000711600000, 0x0000000711600000|100%| E|CS|TAMS 0x0000000711500000, 0x0000000711500000| Complete 
| 246|0x0000000711600000, 0x0000000711700000, 0x0000000711700000|100%| E|CS|TAMS 0x0000000711600000, 0x0000000711600000| Complete 
| 247|0x0000000711700000, 0x0000000711800000, 0x0000000711800000|100%| E|CS|TAMS 0x0000000711700000, 0x0000000711700000| Complete 
| 248|0x0000000711800000, 0x0000000711900000, 0x0000000711900000|100%| E|CS|TAMS 0x0000000711800000, 0x0000000711800000| Complete 
| 249|0x0000000711900000, 0x0000000711a00000, 0x0000000711a00000|100%| E|  |TAMS 0x0000000711900000, 0x0000000711900000| Complete 
| 250|0x0000000711a00000, 0x0000000711b00000, 0x0000000711b00000|100%| E|CS|TAMS 0x0000000711a00000, 0x0000000711a00000| Complete 
| 251|0x0000000711b00000, 0x0000000711c00000, 0x0000000711c00000|100%| E|CS|TAMS 0x0000000711b00000, 0x0000000711b00000| Complete 
| 252|0x0000000711c00000, 0x0000000711d00000, 0x0000000711d00000|100%| E|CS|TAMS 0x0000000711c00000, 0x0000000711c00000| Complete 
| 253|0x0000000711d00000, 0x0000000711e00000, 0x0000000711e00000|100%| E|CS|TAMS 0x0000000711d00000, 0x0000000711d00000| Complete 

Card table byte_map: [0x000001b3cdc60000,0x000001b3ce450000] _byte_map_base: 0x000001b3ca450000

Marking Bits (Prev, Next): (CMBitMap*) 0x000001b3b5a0b158, (CMBitMap*) 0x000001b3b5a0b198
 Prev Bits: [0x000001b3cec40000, 0x000001b3d2bc0000)
 Next Bits: [0x000001b3d2bc0000, 0x000001b3d6b40000)

Polling page: 0x000001b3b5170000

Metaspace:

Usage:
  Non-class:      9.36 MB capacity,     9.23 MB ( 99%) used,   111.59 KB (  1%) free+waste,    22.81 KB ( <1%) overhead. 
      Class:      1.29 MB capacity,     1.18 MB ( 91%) used,    99.04 KB (  7%) free+waste,    13.88 KB (  1%) overhead. 
       Both:     10.66 MB capacity,    10.42 MB ( 98%) used,   210.63 KB (  2%) free+waste,    36.69 KB ( <1%) overhead. 

Virtual space:
  Non-class space:       10.00 MB reserved,       9.50 MB ( 95%) committed 
      Class space:        1.00 GB reserved,       1.38 MB ( <1%) committed 
             Both:        1.01 GB reserved,      10.88 MB (  1%) committed 

Chunk freelists:
   Non-Class:  13.00 KB
       Class:  18.00 KB
        Both:  31.00 KB

MaxMetaspaceSize: 17179869184.00 GB
CompressedClassSpaceSize: 1.00 GB

CodeHeap 'non-profiled nmethods': size=120000Kb used=350Kb max_used=350Kb free=119649Kb
 bounds [0x000001b3c5c10000, 0x000001b3c5e80000, 0x000001b3cd140000]
CodeHeap 'profiled nmethods': size=120000Kb used=1860Kb max_used=1860Kb free=118139Kb
 bounds [0x000001b3be6e0000, 0x000001b3be950000, 0x000001b3c5c10000]
CodeHeap 'non-nmethods': size=5760Kb used=1382Kb max_used=1399Kb free=4377Kb
 bounds [0x000001b3be140000, 0x000001b3be3b0000, 0x000001b3be6e0000]
 total_blobs=1766 nmethods=1180 adapters=499
 compilation: enabled
              stopped_count=0, restarted_count=0
 full_count=0

Compilation events (20 events):
Event: 11.012 Thread 0x000001b3d9f78800 1174   !   3       javax.swing.UIDefaults::getFromResourceBundle (69 bytes)
Event: 11.012 Thread 0x000001b3d9f78800 nmethod 1174 0x000001b3be8ae410 code [0x000001b3be8ae600, 0x000001b3be8aeef8]
Event: 11.012 Thread 0x000001b3d9f78800 1175       3       sun.awt.SunToolkit::isInstanceOf (71 bytes)
Event: 11.013 Thread 0x000001b3d9f78800 nmethod 1175 0x000001b3be8af110 code [0x000001b3be8af340, 0x000001b3be8af968]
Event: 11.019 Thread 0x000001b3d9f74000 nmethod 1172 0x000001b3c5c65090 code [0x000001b3c5c65300, 0x000001b3c5c663d8]
Event: 2545.269 Thread 0x000001b3d9f74000 1178       4       java.lang.StringUTF16::compress (50 bytes)
Event: 2545.269 Thread 0x000001b3d9f78800 1179       3       org.eclipse.jdt.launching.internal.org.objectweb.asm.ByteVector::putShort (52 bytes)
Event: 2545.270 Thread 0x000001b3d9f78800 nmethod 1179 0x000001b3be8afc10 code [0x000001b3be8afdc0, 0x000001b3be8affe8]
Event: 2545.281 Thread 0x000001b3d9f74000 

Event: 2545.281 Thread 0x000001b3d9f74000 1180       4       org.eclipse.jdt.launching.internal.org.objectweb.asm.ClassReader::getItem (7 bytes)
Event: 2545.282 Thread 0x000001b3d9f74000 nmethod 1180 0x000001b3c5c66d90 code [0x000001b3c5c66f40, 0x000001b3c5c67078]
Event: 2727.910 Thread 0x000001b3d9f78800 1181       3       org.eclipse.jdt.launching.internal.org.objectweb.asm.ClassReader::readClass (7 bytes)
Event: 2727.910 Thread 0x000001b3d9f74000 1183       4       org.eclipse.jdt.launching.internal.org.objectweb.asm.ClassReader::readUtf (161 bytes)
Event: 2727.912 Thread 0x000001b3d9f78800 nmethod 1181 0x000001b3be8b0190 code [0x000001b3be8b0360, 0x000001b3be8b0808]
Event: 2727.912 Thread 0x000001b3d9f78800 1182       3       org.eclipse.jdt.launching.internal.org.objectweb.asm.ClassReader::readStringish (16 bytes)
Event: 2727.913 Thread 0x000001b3d9f78800 nmethod 1182 0x000001b3be8b0a90 code [0x000001b3be8b0c60, 0x000001b3be8b1068]
Event: 2727.913 Thread 0x000001b3d9f78800 1185       3       org.eclipse.jdt.launching.internal.org.objectweb.asm.SymbolTable::addConstantMemberReference (29 bytes)
Event: 2727.928 Thread 0x000001b3d9f78800 

Event: 2727.992 Thread 0x000001b3d9f74000 

Event: 2727.993 Thread 0x000001b3d9f74000 1184 %     4       java.lang.StringUTF16::compress @ 3 (50 bytes)

GC Heap History (0 events):
No events

Deoptimization events (20 events):
Event: 0.778 Thread 0x000001b3b59a2000 Uncommon trap: trap_request=0xffffff45 fr.pc=0x000001b3c5c15a8c relative=0x000000000000006c
Event: 0.778 Thread 0x000001b3b59a2000 Uncommon trap: reason=unstable_if action=reinterpret pc=0x000001b3c5c15a8c method=java.lang.String.isLatin1()Z @ 10 c2
Event: 0.778 Thread 0x000001b3b59a2000 DEOPT PACKING pc=0x000001b3c5c15a8c sp=0x00000070308fd4b0
Event: 0.778 Thread 0x000001b3b59a2000 DEOPT UNPACKING pc=0x000001b3be18912f sp=0x00000070308fd450 mode 2
Event: 3.043 Thread 0x000001b3da92f800 Uncommon trap: trap_request=0xffffffde fr.pc=0x000001b3c5c1a7e8 relative=0x00000000000001c8
Event: 3.043 Thread 0x000001b3da92f800 Uncommon trap: reason=class_check action=maybe_recompile pc=0x000001b3c5c1a7e8 method=java.lang.String.equals(Ljava/lang/Object;)Z @ 8 c2
Event: 3.043 Thread 0x000001b3da92f800 DEOPT PACKING pc=0x000001b3c5c1a7e8 sp=0x00000070320fdf00
Event: 3.043 Thread 0x000001b3da92f800 DEOPT UNPACKING pc=0x000001b3be18912f sp=0x00000070320fdea8 mode 2
Event: 3.043 Thread 0x000001b3da92f800 Uncommon trap: trap_request=0xffffffde fr.pc=0x000001b3c5c1a7e8 relative=0x00000000000001c8
Event: 3.043 Thread 0x000001b3da92f800 Uncommon trap: reason=class_check action=maybe_recompile pc=0x000001b3c5c1a7e8 method=java.lang.String.equals(Ljava/lang/Object;)Z @ 8 c2
Event: 3.043 Thread 0x000001b3da92f800 DEOPT PACKING pc=0x000001b3c5c1a7e8 sp=0x00000070320fdf00
Event: 3.043 Thread 0x000001b3da92f800 DEOPT UNPACKING pc=0x000001b3be18912f sp=0x00000070320fdea8 mode 2
Event: 3.543 Thread 0x000001b3da92f800 Uncommon trap: trap_request=0xffffffde fr.pc=0x000001b3c5c1a7e8 relative=0x00000000000001c8
Event: 3.543 Thread 0x000001b3da92f800 Uncommon trap: reason=class_check action=maybe_recompile pc=0x000001b3c5c1a7e8 method=java.lang.String.equals(Ljava/lang/Object;)Z @ 8 c2
Event: 3.543 Thread 0x000001b3da92f800 DEOPT PACKING pc=0x000001b3c5c1a7e8 sp=0x00000070320fdf10
Event: 3.543 Thread 0x000001b3da92f800 DEOPT UNPACKING pc=0x000001b3be18912f sp=0x00000070320fdea8 mode 2
Event: 3.543 Thread 0x000001b3da92f800 Uncommon trap: trap_request=0xffffffde fr.pc=0x000001b3c5c1a7e8 relative=0x00000000000001c8
Event: 3.543 Thread 0x000001b3da92f800 Uncommon trap: reason=class_check action=maybe_recompile pc=0x000001b3c5c1a7e8 method=java.lang.String.equals(Ljava/lang/Object;)Z @ 8 c2
Event: 3.543 Thread 0x000001b3da92f800 DEOPT PACKING pc=0x000001b3c5c1a7e8 sp=0x00000070320fdf10
Event: 3.543 Thread 0x000001b3da92f800 DEOPT UNPACKING pc=0x000001b3be18912f sp=0x00000070320fdea8 mode 2

Classes unloaded (0 events):
No events

Classes redefined (6 events):
Event: 2545.276 Thread 0x000001b3d96bc000 redefined class name=qu.iz.User, count=1
Event: 2545.276 Thread 0x000001b3d96bc000 redefined class name=qu.iz.Einlog, count=1
Event: 2545.276 Thread 0x000001b3d96bc000 redefined class name=qu.iz.QuizFourBib, count=1
Event: 2727.919 Thread 0x000001b3d96bc000 redefined class name=qu.iz.User, count=2
Event: 2727.919 Thread 0x000001b3d96bc000 redefined class name=qu.iz.Einlog, count=2
Event: 2727.919 Thread 0x000001b3d96bc000 redefined class name=qu.iz.QuizFourBib, count=2

Internal exceptions (13 events):
Event: 0.461 Thread 0x000001b3b59a2000 Exception <a 'java/lang/ClassNotFoundException'{0x0000000711863300}: sun/awt/resources/spi/awtProvider> (0x0000000711863300) 
thrown [./open/src/hotspot/share/classfile/systemDictionary.cpp, line 226]
Event: 0.488 Thread 0x000001b3b59a2000 Exception <a 'java/io/FileNotFoundException'{0x00000007118c2d80}> (0x00000007118c2d80) 
thrown [./open/src/hotspot/share/prims/jni.cpp, line 599]
Event: 0.498 Thread 0x000001b3b59a2000 Exception <a 'java/io/FileNotFoundException'{0x00000007118eb1f8}> (0x00000007118eb1f8) 
thrown [./open/src/hotspot/share/prims/jni.cpp, line 599]
Event: 0.571 Thread 0x000001b3da7e1000 Exception <a 'java/lang/NoSuchMethodError'{0x000000071167cfd8}: 'void java.lang.invoke.DirectMethodHandle$Holder.invokeSpecial(java.lang.Object, java.lang.Object)'> (0x000000071167cfd8) 
thrown [./open/src/hotspot/share/interpreter/linkResolver.cpp, line 766]
Event: 0.619 Thread 0x000001b3b59a2000 Exception <a 'java/lang/NoSuchMethodError'{0x00000007115b0dc0}: 'java.lang.Object java.lang.invoke.DirectMethodHandle$Holder.invokeStatic(java.lang.Object, int, java.lang.Object, java.lang.Object, java.lang.Object, java.lang.Object)'> (0x00000007115b0dc0) 
thrown [./open/src/hotspot/share/interpreter/linkResolver.cpp, line 766]
Event: 0.620 Thread 0x000001b3b59a2000 Exception <a 'java/lang/NoSuchMethodError'{0x00000007115b76e0}: 'java.lang.Object java.lang.invoke.DirectMethodHandle$Holder.invokeStatic(java.lang.Object, int, java.lang.Object, java.lang.Object, java.lang.Object)'> (0x00000007115b76e0) 
thrown [./open/src/hotspot/share/interpreter/linkResolver.cpp, line 766]
Event: 0.621 Thread 0x000001b3b59a2000 Exception <a 'java/lang/NoSuchMethodError'{0x00000007115baf30}: 'java.lang.Object java.lang.invoke.DirectMethodHandle$Holder.invokeSpecial(java.lang.Object, java.lang.Object, int, java.lang.Object, java.lang.Object, java.lang.Object)'> (0x00000007115baf30) 
thrown [./open/src/hotspot/share/interpreter/linkResolver.cpp, line 766]
Event: 0.626 Thread 0x000001b3b59a2000 Exception <a 'java/lang/NoSuchMethodError'{0x00000007115d1908}: 'java.lang.Object java.lang.invoke.DirectMethodHandle$Holder.invokeStatic(java.lang.Object, int, java.lang.Object)'> (0x00000007115d1908) 
thrown [./open/src/hotspot/share/interpreter/linkResolver.cpp, line 766]
Event: 0.659 Thread 0x000001b3b59a2000 Exception <a 'java/lang/ClassNotFoundException'{0x00000007114844e8}: com/sun/swing/internal/plaf/metal/resources/spi/metalProvider> (0x00000007114844e8) 
thrown [./open/src/hotspot/share/classfile/systemDictionary.cpp, line 226]
Event: 0.660 Thread 0x000001b3b59a2000 Exception <a 'java/lang/ClassNotFoundException'{0x000000071148b030}: com/sun/swing/internal/plaf/basic/resources/spi/basicProvider> (0x000000071148b030) 
thrown [./open/src/hotspot/share/classfile/systemDictionary.cpp, line 226]
Event: 0.754 Thread 0x000001b3b59a2000 Exception <a 'java/lang/NoSuchMethodError'{0x000000071128b708}: 'void java.lang.invoke.DirectMethodHandle$Holder.invokeStaticInit(java.lang.Object)'> (0x000000071128b708) 
thrown [./open/src/hotspot/share/interpreter/linkResolver.cpp, line 766]
Event: 0.801 Thread 0x000001b3b59a2000 Exception <a 'java/lang/NoSuchMethodError'{0x000000071112dc48}: 'java.lang.Object java.lang.invoke.Invokers$Holder.linkToTargetMethod(java.lang.Object, int, java.lang.Object)'> (0x000000071112dc48) 
thrown [./open/src/hotspot/share/interpreter/linkResolver.cpp, line 766]
Event: 2728.000 Thread 0x000001b3da211800 Exception <a 'java/lang/LinkageError'{0x0000000711cd6978}> (0x0000000711cd6978) 
thrown [./open/src/hotspot/share/oops/generateOopMap.cpp, line 2140]

Events (20 events):
Event: 2727.986 Executing VM operation: ChangeBreakpoints
Event: 2727.987 Executing VM operation: ChangeBreakpoints done
Event: 2727.989 Executing VM operation: HandshakeAllThreads
Event: 2727.989 Executing VM operation: HandshakeAllThreads done
Event: 2727.995 Executing VM operation: GetFrameCount
Event: 2727.995 Executing VM operation: GetFrameCount done
Event: 2727.995 Executing VM operation: GetStackTrace
Event: 2727.995 Executing VM operation: GetStackTrace done
Event: 2727.997 Executing VM operation: GetFrameCount
Event: 2727.997 Executing VM operation: GetFrameCount done
Event: 2727.997 Executing VM operation: SetFramePop
Event: 2727.998 Executing VM operation: SetFramePop done
Event: 2727.998 Executing VM operation: GetFrameLocation
Event: 2727.998 Executing VM operation: GetFrameLocation done
Event: 2727.998 Executing VM operation: GetCurrentLocation
Event: 2727.998 Executing VM operation: GetCurrentLocation done
Event: 2727.998 Executing VM operation: ChangeSingleStep
Event: 2727.998 Executing VM operation: ChangeSingleStep done
Event: 2727.999 Executing VM operation: GetFrameLocation
Event: 2728.000 Executing VM operation: GetFrameLocation done


Dynamic libraries:
0x00007ff6b1af0000 - 0x00007ff6b1aff000 	C:\Program Files\Java\jdk-14.0.2\bin\javaw.exe
0x00007fff03440000 - 0x00007fff03630000 	C:\Windows\SYSTEM32\ntdll.dll
0x00007fff03340000 - 0x00007fff033f2000 	C:\Windows\System32\KERNEL32.DLL
0x00007fff00dc0000 - 0x00007fff01065000 	C:\Windows\System32\KERNELBASE.dll
0x00007fff013f0000 - 0x00007fff014ea000 	C:\Windows\System32\ucrtbase.dll
0x00007ffefa0a0000 - 0x00007ffefa0b8000 	C:\Program Files\Java\jdk-14.0.2\bin\jli.dll
0x00007ffefa2b0000 - 0x00007ffefa2c5000 	C:\Program Files\Java\jdk-14.0.2\bin\VCRUNTIME140.dll
0x00007fff02990000 - 0x00007fff02a33000 	C:\Windows\System32\ADVAPI32.dll
0x00007fff03220000 - 0x00007fff032be000 	C:\Windows\System32\msvcrt.dll
0x00007fff03170000 - 0x00007fff03207000 	C:\Windows\System32\sechost.dll
0x00007fff02a40000 - 0x00007fff02b5f000 	C:\Windows\System32\RPCRT4.dll
0x00007fff02dc0000 - 0x00007fff02f54000 	C:\Windows\System32\USER32.dll
0x00007fff01310000 - 0x00007fff01331000 	C:\Windows\System32\win32u.dll
0x00007fff02cc0000 - 0x00007fff02ce6000 	C:\Windows\System32\GDI32.dll
0x00007ffee46a0000 - 0x00007ffee4924000 	C:\Windows\WinSxS\amd64_microsoft.windows.common-controls_6595b64144ccf1df_6.0.18362.1440_none_9e7dbfb9e45e8e67\COMCTL32.dll
0x00007fff01170000 - 0x00007fff01308000 	C:\Windows\System32\gdi32full.dll
0x00007fff01790000 - 0x00007fff01ac6000 	C:\Windows\System32\combase.dll
0x00007fff00d20000 - 0x00007fff00dbe000 	C:\Windows\System32\msvcp_win.dll
0x00007fff01340000 - 0x00007fff013c1000 	C:\Windows\System32\bcryptPrimitives.dll
0x00007ffef9620000 - 0x00007ffef962a000 	C:\Windows\SYSTEM32\VERSION.dll
0x00007fff01d70000 - 0x00007fff01d9e000 	C:\Windows\System32\IMM32.DLL
0x00007ffedd460000 - 0x00007ffedd4fb000 	C:\Program Files\Java\jdk-14.0.2\bin\msvcp140.dll
0x00007ffe99590000 - 0x00007ffe9a0ae000 	C:\Program Files\Java\jdk-14.0.2\bin\server\jvm.dll
0x00007fff03210000 - 0x00007fff03218000 	C:\Windows\System32\PSAPI.DLL
0x00007ffefaa60000 - 0x00007ffefaa69000 	C:\Windows\SYSTEM32\WSOCK32.dll
0x00007ffefda40000 - 0x00007ffefda64000 	C:\Windows\SYSTEM32\WINMM.dll
0x00007fff02fc0000 - 0x00007fff0302f000 	C:\Windows\System32\WS2_32.dll
0x00007ffefda10000 - 0x00007ffefda3d000 	C:\Windows\SYSTEM32\winmmbase.dll
0x00007fff01070000 - 0x00007fff010ba000 	C:\Windows\System32\cfgmgr32.dll
0x00007fff00370000 - 0x00007fff00381000 	C:\Windows\System32\kernel.appcore.dll
0x00007ffefaa50000 - 0x00007ffefaa5a000 	C:\Program Files\Java\jdk-14.0.2\bin\jimage.dll
0x00007ffefebe0000 - 0x00007ffefedd4000 	C:\Windows\SYSTEM32\DBGHELP.DLL
0x00007ffeebec0000 - 0x00007ffeebeea000 	C:\Windows\SYSTEM32\dbgcore.DLL
0x00007ffee4100000 - 0x00007ffee4138000 	C:\Program Files\Java\jdk-14.0.2\bin\jdwp.dll
0x00007ffef8430000 - 0x00007ffef8455000 	C:\Program Files\Java\jdk-14.0.2\bin\java.dll
0x00007ffef9d60000 - 0x00007ffef9d6e000 	C:\Program Files\Java\jdk-14.0.2\bin\instrument.dll
0x00007ffeeb670000 - 0x00007ffeeb686000 	C:\Program Files\Java\jdk-14.0.2\bin\zip.dll
0x00007fff022a0000 - 0x00007fff02988000 	C:\Windows\System32\SHELL32.dll
0x00007fff02b60000 - 0x00007fff02c07000 	C:\Windows\System32\shcore.dll
0x00007fff003e0000 - 0x00007fff00b5b000 	C:\Windows\System32\windows.storage.dll
0x00007fff00390000 - 0x00007fff003ae000 	C:\Windows\System32\profapi.dll
0x00007fff00300000 - 0x00007fff0034a000 	C:\Windows\System32\powrprof.dll
0x00007fff002f0000 - 0x00007fff00300000 	C:\Windows\System32\UMPDC.dll
0x00007fff014f0000 - 0x00007fff01542000 	C:\Windows\System32\shlwapi.dll
0x00007fff013d0000 - 0x00007fff013e7000 	C:\Windows\System32\cryptsp.dll
0x00007ffef9d50000 - 0x00007ffef9d5b000 	C:\Program Files\Java\jdk-14.0.2\bin\dt_socket.dll
0x00007ffeff840000 - 0x00007ffeff87a000 	C:\Windows\SYSTEM32\IPHLPAPI.DLL
0x00007ffeffb30000 - 0x00007ffeffb97000 	C:\Windows\system32\mswsock.dll
0x00007ffeff880000 - 0x00007ffeff94b000 	C:\Windows\SYSTEM32\DNSAPI.dll
0x00007fff01bb0000 - 0x00007fff01bb8000 	C:\Windows\System32\NSI.dll
0x00007ffef6130000 - 0x00007ffef613a000 	C:\Windows\System32\rasadhlp.dll
0x00007ffefad50000 - 0x00007ffefadc7000 	C:\Windows\System32\fwpuclnt.dll
0x00007fff003b0000 - 0x00007fff003d6000 	C:\Windows\System32\bcrypt.dll
0x00007ffeeb650000 - 0x00007ffeeb669000 	C:\Program Files\Java\jdk-14.0.2\bin\net.dll
0x00007ffeeec10000 - 0x00007ffeeed0a000 	C:\Windows\SYSTEM32\WINHTTP.dll
0x00007ffeeb630000 - 0x00007ffeeb642000 	C:\Program Files\Java\jdk-14.0.2\bin\nio.dll
0x00007ffefaa40000 - 0x00007ffefaa50000 	C:\Program Files\Java\jdk-14.0.2\bin\verify.dll
0x00007ffecb550000 - 0x00007ffecb6e9000 	C:\Program Files\Java\jdk-14.0.2\bin\awt.dll
0x00007fff02cf0000 - 0x00007fff02db5000 	C:\Windows\System32\OLEAUT32.dll
0x00007ffefe100000 - 0x00007ffefe18f000 	C:\Windows\SYSTEM32\apphelp.dll
0x00007ffefe7a0000 - 0x00007ffefe7cd000 	C:\Windows\system32\DWMAPI.DLL
0x00007ffefe2a0000 - 0x00007ffefe339000 	C:\Windows\system32\uxtheme.dll
0x00007ffee0f90000 - 0x00007ffee10e6000 	C:\Windows\system32\opengl32.dll
0x00007ffee7110000 - 0x00007ffee713c000 	C:\Windows\SYSTEM32\GLU32.dll
0x00007ffefefa0000 - 0x00007ffefefc0000 	C:\Windows\SYSTEM32\dxcore.dll
0x00007fff03030000 - 0x00007fff03165000 	C:\Windows\System32\MSCTF.dll
0x00007fff01550000 - 0x00007fff016a7000 	C:\Windows\System32\ole32.dll
0x00007ffed7520000 - 0x00007ffed75a2000 	C:\Program Files\Java\jdk-14.0.2\bin\freetype.dll
0x00007ffed7470000 - 0x00007ffed7516000 	C:\Program Files\Java\jdk-14.0.2\bin\fontmanager.dll
0x00007fff02c10000 - 0x00007fff02cb2000 	C:\Windows\System32\clbcatq.dll
0x00007ffefa710000 - 0x00007ffefa8bf000 	C:\Windows\SYSTEM32\WindowsCodecs.dll
0x00007ffee5f30000 - 0x00007ffee5f6b000 	C:\Windows\system32\dataexchange.dll
0x00007ffefd170000 - 0x00007ffefd3cb000 	C:\Windows\system32\d3d11.dll
0x00007ffefd830000 - 0x00007ffefda0d000 	C:\Windows\system32\dcomp.dll
0x00007ffeff090000 - 0x00007ffeff17b000 	C:\Windows\system32\dxgi.dll
0x00007ffefe360000 - 0x00007ffefe5ba000 	C:\Windows\system32\twinapi.appcore.dll
0x00007ffefe7d0000 - 0x00007ffefe7f9000 	C:\Windows\system32\RMCLIENT.dll
0x00007ffee7290000 - 0x00007ffee732d000 	C:\Windows\System32\TextInputFramework.dll
0x00007ffefae40000 - 0x00007ffefb16a000 	C:\Windows\System32\CoreUIComponents.dll
0x00007ffefda70000 - 0x00007ffefdb44000 	C:\Windows\System32\CoreMessaging.dll
0x00007ffefb7b0000 - 0x00007ffefb902000 	C:\Windows\SYSTEM32\wintypes.dll
0x00007ffeff330000 - 0x00007ffeff361000 	C:\Windows\SYSTEM32\ntmarta.dll
0x00007ffeeae00000 - 0x00007ffeeb0a7000 	C:\Windows\System32\iertutil.dll

dbghelp: loaded successfully - version: 4.0.5 - missing functions: none
symbol engine: initialized successfully - sym options: 0x614 - pdb path: .;C:\Program Files\Java\jdk-14.0.2\bin;C:\Windows\SYSTEM32;C:\Windows\WinSxS\amd64_microsoft.windows.common-controls_6595b64144ccf1df_6.0.18362.1440_none_9e7dbfb9e45e8e67;C:\Program Files\Java\jdk-14.0.2\bin\server

VM Arguments:
jvm_args: -agentlib:jdwp=transport=dt_socket,suspend=y,address=localhost:53215 -javaagent:C:\Users\terfo\eclipse\jee-2020-06\eclipse\configuration\org.eclipse.osgi\413\0\.cp\lib\javaagent-shaded.jar -Dfile.encoding=Cp1252 
java_command: qu.iz.QuizFourBib
java_class_path (initial): C:\Users\terfo\eclipse-workspace\Quiz\bin
Launcher Type: SUN_STANDARD

[Global flags]
     intx CICompilerCount                          = 4                                         {product} {ergonomic}
     uint ConcGCThreads                            = 2                                         {product} {ergonomic}
     uint G1ConcRefinementThreads                  = 8                                         {product} {ergonomic}
   size_t G1HeapRegionSize                         = 1048576                                   {product} {ergonomic}
    uintx GCDrainStackTargetSize                   = 64                                        {product} {ergonomic}
   size_t InitialHeapSize                          = 266338304                                 {product} {ergonomic}
   size_t MarkStackSize                            = 4194304                                   {product} {ergonomic}
   size_t MaxHeapSize                              = 4261412864                                {product} {ergonomic}
   size_t MaxNewSize                               = 2556428288                                {product} {ergonomic}
   size_t MinHeapDeltaBytes                        = 1048576                                   {product} {ergonomic}
   size_t MinHeapSize                              = 8388608                                   {product} {ergonomic}
    uintx NonNMethodCodeHeapSize                   = 5839372                                {pd product} {ergonomic}
    uintx NonProfiledCodeHeapSize                  = 122909434                              {pd product} {ergonomic}
    uintx ProfiledCodeHeapSize                     = 122909434                              {pd product} {ergonomic}
    uintx ReservedCodeCacheSize                    = 251658240                              {pd product} {ergonomic}
     bool SegmentedCodeCache                       = true                                      {product} {ergonomic}
   size_t SoftMaxHeapSize                          = 4261412864                             {manageable} {ergonomic}
     bool UseCompressedClassPointers               = true                                 {lp64_product} {ergonomic}
     bool UseCompressedOops                        = true                                 {lp64_product} {ergonomic}
     bool UseG1GC                                  = true                                      {product} {ergonomic}
     bool UseLargePagesIndividualAllocation        = false                                  {pd product} {ergonomic}

Logging:
Log output configuration:
 #0: stdout all=warning uptime,level,tags
 #1: stderr all=off uptime,level,tags

Environment Variables:
PATH=C:/Program Files/Java/jdk-14.0.2/bin/server;C:/Program Files/Java/jdk-14.0.2/bin;C:\Program Files (x86)\Common Files\Oracle\Java\javapath;C:\Windows\system32;C:\Windows;C:\Windows\System32\Wbem;C:\Windows\System32\WindowsPowerShell\v1.0\;C:\Windows\System32\OpenSSH\;C:\Program Files (x86)\NVIDIA Corporation\PhysX\Common;C:\Program Files\NVIDIA Corporation\NVIDIA NvDLISR;C:\Users\terfo\AppData\Local\Microsoft\WindowsApps;C:\Users\terfo\AppData\Local\Programs\Microsoft VS Code\bin;C:\Program Files (x86)\Jar2Exe Wizard\;C:\Users\terfo\Desktop;
USERNAME=terfo
OS=Windows_NT
PROCESSOR_IDENTIFIER=Intel64 Family 6 Model 142 Stepping 12, GenuineIntel



---------------  S Y S T E M  ---------------

OS: Windows 10 , 64 bit Build 18362 (10.0.18362.1350)
OS uptime: 1 days 3:07 hours

CPU:total 8 (initial active 8) (4 cores per cpu, 2 threads per core) family 6 model 142 stepping 12, cmov, cx8, fxsr, mmx, sse, sse2, sse3, ssse3, sse4.1, sse4.2, popcnt, avx, avx2, aes, clmul, erms, 3dnowpref, lzcnt, ht, tsc, tscinvbit, bmi1, bmi2, adx, fma

Memory: 4k page, system-wide physical 16254M (11064M free)
TotalPageFile size 18686M (AvailPageFile size 11035M)
current process WorkingSet (physical memory assigned to process): 75M, peak: 75M
current process commit charge ("private bytes"): 361M, peak: 361M

vm_info: Java HotSpot(TM) 64-Bit Server VM (14.0.2+12-46) for windows-amd64 JRE (14.0.2+12-46), built on Jul  9 2020 00:35:52 by "mach5one" with MS VC++ 15.9 (VS2017)

END.
